<?xml version="1.0" encoding="UTF-8"?>
<!-- Generated by org.testng.reporters.JUnitXMLReporter -->
<testsuite ignored="2" hostname="Shekhar" failures="0" tests="1" name="Default test" time="14.629" errors="0" timestamp="2022-08-18T04:23:20 IST">
  <testcase classname="MyTest.LoginTest" name="login" time="2.221"/>
  <testcase classname="Utility.BaseClass" name="@BeforeTest StartUp" time="0.0">
    <ignored/>
  </testcase> <!-- @BeforeTest StartUp -->
  <testcase classname="Utility.BaseClass" name="@BeforeSuite SetUp" time="0.0">
    <ignored/>
  </testcase> <!-- @BeforeSuite SetUp -->
</testsuite> <!-- Default test -->
