<?xml version="1.0" encoding="UTF-8"?>
<testng-results ignored="0" total="1" passed="1" failed="0" skipped="0">
  <reporter-output>
  </reporter-output>
  <suite started-at="2022-10-21T04:54:50 IST" name="Surefire suite" finished-at="2022-10-21T04:55:56 IST" duration-ms="65824">
    <groups>
    </groups>
    <test started-at="2022-10-21T04:54:50 IST" name="Surefire test" finished-at="2022-10-21T04:55:56 IST" duration-ms="65824">
      <class name="MyTest.HomeTest">
        <test-method is-config="true" signature="SetUp()[pri:0, instance:MyTest.HomeTest@7adda9cc]" started-at="2022-10-21T04:54:50 IST" name="SetUp" finished-at="2022-10-21T04:54:50 IST" duration-ms="58" status="PASS">
          <reporter-output>
          </reporter-output>
        </test-method> <!-- SetUp -->
        <test-method is-config="true" signature="StartUp()[pri:0, instance:MyTest.HomeTest@7adda9cc]" started-at="2022-10-21T04:54:50 IST" name="StartUp" finished-at="2022-10-21T04:55:02 IST" duration-ms="12601" status="PASS">
          <reporter-output>
          </reporter-output>
        </test-method> <!-- StartUp -->
        <test-method signature="login()[pri:0, instance:MyTest.HomeTest@7adda9cc]" started-at="2022-10-21T04:55:02 IST" name="login" finished-at="2022-10-21T04:55:56 IST" duration-ms="53140" status="PASS">
          <reporter-output>
          </reporter-output>
        </test-method> <!-- login -->
        <test-method is-config="true" signature="endUp()[pri:0, instance:MyTest.HomeTest@7adda9cc]" started-at="2022-10-21T04:55:56 IST" name="endUp" finished-at="2022-10-21T04:55:56 IST" duration-ms="546" status="PASS">
          <reporter-output>
          </reporter-output>
        </test-method> <!-- endUp -->
      </class> <!-- MyTest.HomeTest -->
    </test> <!-- Surefire test -->
  </suite> <!-- Surefire suite -->
</testng-results>
