<?xml version="1.0" encoding="UTF-8"?>
<testng-results ignored="2" total="3" passed="1" failed="0" skipped="0">
  <reporter-output>
  </reporter-output>
  <suite started-at="2022-08-18T04:23:06 IST" name="Default suite" finished-at="2022-08-18T04:23:20 IST" duration-ms="14629">
    <groups>
    </groups>
    <test started-at="2022-08-18T04:23:06 IST" name="Default test" finished-at="2022-08-18T04:23:20 IST" duration-ms="14629">
      <class name="Utility.BaseClass">
        <test-method is-config="true" signature="SetUp()[pri:0, instance:Utility.BaseClass@52bf72b5]" started-at="2022-08-18T04:23:06 IST" name="SetUp" finished-at="2022-08-18T04:23:06 IST" duration-ms="28" status="PASS">
          <reporter-output>
          </reporter-output>
        </test-method> <!-- SetUp -->
        <test-method is-config="true" signature="StartUp()[pri:0, instance:Utility.BaseClass@52bf72b5]" started-at="2022-08-18T04:23:06 IST" name="StartUp" finished-at="2022-08-18T04:23:18 IST" duration-ms="12228" status="PASS">
          <reporter-output>
          </reporter-output>
        </test-method> <!-- StartUp -->
      </class> <!-- Utility.BaseClass -->
      <class name="MyTest.LoginTest">
        <test-method signature="login()[pri:0, instance:MyTest.LoginTest@36bc55de]" started-at="2022-08-18T04:23:18 IST" name="login" finished-at="2022-08-18T04:23:20 IST" duration-ms="2221" status="PASS">
          <reporter-output>
          </reporter-output>
        </test-method> <!-- login -->
      </class> <!-- MyTest.LoginTest -->
    </test> <!-- Default test -->
  </suite> <!-- Default suite -->
</testng-results>
